2021-12-15 14:43:48,607:INFO:PyCaret Supervised Module
2021-12-15 14:43:48,607:INFO:ML Usecase: anomaly
2021-12-15 14:43:48,608:INFO:version 2.3.5
2021-12-15 14:43:48,608:INFO:Initializing setup()
2021-12-15 14:43:48,608:INFO:setup(target=None, ml_usecase=anomaly, available_plots={'tsne': 'Anomaly TSnE (3d)', 'umap': 'UMAP Dimensionality'}, train_size=0.7, test_data=None, preprocess=True, imputation_type=simple, iterative_imputation_iters=5, categorical_features=None, categorical_imputation=mode, categorical_iterative_imputer=lightgbm, ordinal_features=None, high_cardinality_features=None, high_cardinality_method=frequency, numeric_features=None, numeric_imputation=mean, numeric_iterative_imputer=lightgbm, date_features=None, ignore_features=None, normalize=False, normalize_method=zscore, transformation=False, transformation_method=yeo-johnson, handle_unknown_categorical=True, unknown_categorical_method=least_frequent, pca=False, pca_method=linear, pca_components=None, ignore_low_variance=False, combine_rare_levels=False, rare_level_threshold=0.1, bin_numeric_features=None, remove_outliers=False, outliers_threshold=0.05, remove_multicollinearity=False, multicollinearity_threshold=0.9, remove_perfect_collinearity=False, create_clusters=False, cluster_iter=20, polynomial_features=False, polynomial_degree=2, trigonometry_features=False, polynomial_threshold=0.1, group_features=None, group_names=None, feature_selection=False, feature_selection_threshold=0.8, feature_selection_method=classic, feature_interaction=False, feature_ratio=False, interaction_threshold=0.01, fix_imbalance=False, fix_imbalance_method=None, transform_target=False, transform_target_method=box-cox, data_split_shuffle=False, data_split_stratify=False, fold_strategy=kfold, fold=10, fold_shuffle=False, fold_groups=None, n_jobs=-1, use_gpu=False, custom_pipeline=None, html=True, session_id=123, log_experiment=False, experiment_name=None, log_plots=False, log_profile=False, log_data=False, silent=False, verbose=True, profile=False, profile_kwargs=None, display=None)
2021-12-15 14:43:48,612:INFO:Checking environment
2021-12-15 14:43:48,612:INFO:python_version: 3.9.7
2021-12-15 14:43:48,612:INFO:python_build: ('default', 'Sep 16 2021 16:59:28')
2021-12-15 14:43:48,612:INFO:machine: AMD64
2021-12-15 14:43:48,613:INFO:platform: Windows-10-10.0.19042-SP0
2021-12-15 14:43:48,613:INFO:Memory: svmem(total=8415145984, available=3050864640, percent=63.7, used=5364281344, free=3050864640)
2021-12-15 14:43:48,613:INFO:Physical Core: 4
2021-12-15 14:43:48,613:INFO:Logical Core: 8
2021-12-15 14:43:48,613:INFO:Checking libraries
2021-12-15 14:43:48,613:INFO:pd==1.3.4
2021-12-15 14:43:48,613:INFO:numpy==1.19.5
2021-12-15 14:43:48,613:INFO:sklearn==0.23.2
2021-12-15 14:43:48,613:INFO:lightgbm==3.3.1
2021-12-15 14:43:48,614:WARNING:catboost not found
2021-12-15 14:43:58,268:INFO:xgboost==1.5.1
2021-12-15 14:44:06,434:INFO:PyCaret Supervised Module
2021-12-15 14:44:06,435:INFO:ML Usecase: anomaly
2021-12-15 14:44:06,435:INFO:version 2.3.5
2021-12-15 14:44:06,435:INFO:Initializing setup()
2021-12-15 14:44:06,435:INFO:setup(target=None, ml_usecase=anomaly, available_plots={'tsne': 'Anomaly TSnE (3d)', 'umap': 'UMAP Dimensionality'}, train_size=0.7, test_data=None, preprocess=True, imputation_type=simple, iterative_imputation_iters=5, categorical_features=None, categorical_imputation=mode, categorical_iterative_imputer=lightgbm, ordinal_features=None, high_cardinality_features=None, high_cardinality_method=frequency, numeric_features=None, numeric_imputation=mean, numeric_iterative_imputer=lightgbm, date_features=None, ignore_features=None, normalize=False, normalize_method=zscore, transformation=False, transformation_method=yeo-johnson, handle_unknown_categorical=True, unknown_categorical_method=least_frequent, pca=False, pca_method=linear, pca_components=None, ignore_low_variance=False, combine_rare_levels=False, rare_level_threshold=0.1, bin_numeric_features=None, remove_outliers=False, outliers_threshold=0.05, remove_multicollinearity=False, multicollinearity_threshold=0.9, remove_perfect_collinearity=False, create_clusters=False, cluster_iter=20, polynomial_features=False, polynomial_degree=2, trigonometry_features=False, polynomial_threshold=0.1, group_features=None, group_names=None, feature_selection=False, feature_selection_threshold=0.8, feature_selection_method=classic, feature_interaction=False, feature_ratio=False, interaction_threshold=0.01, fix_imbalance=False, fix_imbalance_method=None, transform_target=False, transform_target_method=box-cox, data_split_shuffle=False, data_split_stratify=False, fold_strategy=kfold, fold=10, fold_shuffle=False, fold_groups=None, n_jobs=-1, use_gpu=False, custom_pipeline=None, html=True, session_id=123, log_experiment=False, experiment_name=None, log_plots=False, log_profile=False, log_data=False, silent=False, verbose=True, profile=False, profile_kwargs=None, display=None)
2021-12-15 14:44:06,436:INFO:Checking environment
2021-12-15 14:44:06,436:INFO:python_version: 3.9.7
2021-12-15 14:44:06,436:INFO:python_build: ('default', 'Sep 16 2021 16:59:28')
2021-12-15 14:44:06,436:INFO:machine: AMD64
2021-12-15 14:44:06,436:INFO:platform: Windows-10-10.0.19042-SP0
2021-12-15 14:44:06,436:INFO:Memory: svmem(total=8415145984, available=2717298688, percent=67.7, used=5697847296, free=2717298688)
2021-12-15 14:44:06,436:INFO:Physical Core: 4
2021-12-15 14:44:06,436:INFO:Logical Core: 8
2021-12-15 14:44:06,436:INFO:Checking libraries
2021-12-15 14:44:06,436:INFO:pd==1.3.4
2021-12-15 14:44:06,436:INFO:numpy==1.19.5
2021-12-15 14:44:06,436:INFO:sklearn==0.23.2
2021-12-15 14:44:06,437:INFO:lightgbm==3.3.1
2021-12-15 14:44:06,438:WARNING:catboost not found
2021-12-15 14:44:06,438:INFO:xgboost==1.5.1
2021-12-15 14:44:06,438:INFO:mlflow==1.22.0
2021-12-15 14:44:06,438:INFO:Checking Exceptions
2021-12-15 14:44:06,438:INFO:Declaring global variables
2021-12-15 14:44:06,438:INFO:USI: 58fd
2021-12-15 14:44:06,438:INFO:pycaret_globals: {'imputation_regressor', '_internal_pipeline', 'fold_groups_param', 'X', 'prep_pipe', 'pycaret_globals', 'display_container', 'exp_name_log', 'USI', 'iterative_imputation_iters_param', 'n_jobs_param', 'log_plots_param', 'stratify_param', 'target_param', '_ml_usecase', 'fix_imbalance_method_param', 'data_before_preprocess', 'fold_groups_param_full', '_available_plots', '_all_models', '_all_models_internal', 'fold_shuffle_param', '_all_metrics', 'create_model_container', 'fold_param', 'fold_generator', 'html_param', 'fix_imbalance_param', 'transform_target_param', '_gpu_n_jobs_param', 'master_model_container', 'transform_target_method_param', 'imputation_classifier', 'gpu_param', 'logging_param', 'seed', 'experiment__'}
2021-12-15 14:44:06,438:INFO:Preparing display monitor
2021-12-15 14:44:06,438:INFO:Preparing display monitor
2021-12-15 14:44:06,452:INFO:Importing libraries
2021-12-15 14:44:06,453:INFO:Copying data for preprocessing
2021-12-15 14:44:06,472:INFO:Declaring preprocessing parameters
2021-12-15 14:44:06,475:INFO:Creating preprocessing pipeline
2021-12-15 14:44:06,490:INFO:Preprocessing pipeline created successfully
2021-12-15 14:44:06,490:ERROR:(Process Exit): setup has been interupted with user command 'quit'. setup must rerun.
2021-12-15 14:44:06,490:INFO:Creating global containers
2021-12-15 14:44:06,491:INFO:Internal pipeline: Pipeline(memory=None, steps=[('empty_step', 'passthrough')], verbose=False)
2021-12-15 14:44:55,813:INFO:Creating grid variables
2021-12-15 14:44:55,829:INFO:create_model_container: 0
2021-12-15 14:44:55,829:INFO:master_model_container: 0
2021-12-15 14:44:55,829:INFO:display_container: 1
2021-12-15 14:44:55,834:INFO:Pipeline(memory=None,
         steps=[('dtypes',
                 DataTypes_Auto_infer(categorical_features=[],
                                      display_types=True, features_todrop=[],
                                      id_columns=[], ml_usecase='regression',
                                      numerical_features=[],
                                      target='UNSUPERVISED_DUMMY_TARGET',
                                      time_features=[])),
                ('imputer',
                 Simple_Imputer(categorical_strategy='most frequent',
                                fill_value_categorical=None,
                                fill_value_numerical=None...
                ('scaling', 'passthrough'), ('P_transform', 'passthrough'),
                ('binn', 'passthrough'), ('rem_outliers', 'passthrough'),
                ('cluster_all', 'passthrough'),
                ('dummy', Dummify(target='UNSUPERVISED_DUMMY_TARGET')),
                ('fix_perfect', 'passthrough'),
                ('clean_names', Clean_Colum_Names()),
                ('feature_select', 'passthrough'), ('fix_multi', 'passthrough'),
                ('dfs', 'passthrough'), ('pca', 'passthrough')],
         verbose=False)
2021-12-15 14:44:55,835:INFO:setup() succesfully completed......................................
2021-12-15 14:45:25,668:INFO:Initializing create_model()
2021-12-15 14:45:25,668:INFO:create_model(estimator=iforest, num_clusters=4, fraction=0.1, ground_truth=None, round=4, fit_kwargs=None, verbose=True, system=True, add_to_model_list=True, raise_num_clusters=False, display=None, kwargs={})
2021-12-15 14:45:25,668:INFO:Checking exceptions
2021-12-15 14:45:25,669:INFO:Preparing display monitor
2021-12-15 14:45:25,680:INFO:Importing libraries
2021-12-15 14:45:25,689:INFO:Importing untrained model
2021-12-15 14:45:25,698:INFO:Isolation Forest Imported succesfully
2021-12-15 14:45:25,707:INFO:Fitting Model
2021-12-15 14:45:26,516:INFO:IForest(behaviour='new', bootstrap=False, contamination=0.1, max_features=1.0,
    max_samples='auto', n_estimators=100, n_jobs=-1, random_state=123,
    verbose=0)
2021-12-15 14:45:26,516:INFO:create_models() succesfully completed......................................
2021-12-15 14:45:26,516:INFO:Uploading results into container
2021-12-15 14:45:26,516:INFO:Uploading model into container now
2021-12-15 14:45:26,516:INFO:create_model_container: 1
2021-12-15 14:45:26,516:INFO:master_model_container: 1
2021-12-15 14:45:26,516:INFO:display_container: 2
2021-12-15 14:45:26,516:INFO:IForest(behaviour='new', bootstrap=False, contamination=0.1, max_features=1.0,
    max_samples='auto', n_estimators=100, n_jobs=-1, random_state=123,
    verbose=0)
2021-12-15 14:45:26,521:INFO:create_model() succesfully completed......................................
2021-12-15 14:45:26,646:INFO:Initializing assign_model()
2021-12-15 14:45:26,646:INFO:assign_model(model=IForest(behaviour='new', bootstrap=False, contamination=0.1, max_features=1.0,
    max_samples='auto', n_estimators=100, n_jobs=-1, random_state=123,
    verbose=0), transformation=False, score=True, verbose=True)
2021-12-15 14:45:26,646:INFO:Checking exceptions
2021-12-15 14:45:26,646:INFO:Determining Trained Model
2021-12-15 14:45:26,646:INFO:Trained Model : Isolation Forest
2021-12-15 14:45:26,646:INFO:Copying data
2021-12-15 14:45:26,652:INFO:(7267, 14)
2021-12-15 14:45:26,652:INFO:assign_model() succesfully completed......................................
2021-12-15 14:58:05,865:INFO:PyCaret Supervised Module
2021-12-15 14:58:05,866:INFO:ML Usecase: anomaly
2021-12-15 14:58:05,866:INFO:version 2.3.5
2021-12-15 14:58:05,866:INFO:Initializing setup()
2021-12-15 14:58:05,866:INFO:setup(target=None, ml_usecase=anomaly, available_plots={'tsne': 'Anomaly TSnE (3d)', 'umap': 'UMAP Dimensionality'}, train_size=0.7, test_data=None, preprocess=True, imputation_type=simple, iterative_imputation_iters=5, categorical_features=None, categorical_imputation=mode, categorical_iterative_imputer=lightgbm, ordinal_features=None, high_cardinality_features=None, high_cardinality_method=frequency, numeric_features=None, numeric_imputation=mean, numeric_iterative_imputer=lightgbm, date_features=None, ignore_features=None, normalize=False, normalize_method=zscore, transformation=False, transformation_method=yeo-johnson, handle_unknown_categorical=True, unknown_categorical_method=least_frequent, pca=False, pca_method=linear, pca_components=None, ignore_low_variance=False, combine_rare_levels=False, rare_level_threshold=0.1, bin_numeric_features=None, remove_outliers=False, outliers_threshold=0.05, remove_multicollinearity=False, multicollinearity_threshold=0.9, remove_perfect_collinearity=False, create_clusters=False, cluster_iter=20, polynomial_features=False, polynomial_degree=2, trigonometry_features=False, polynomial_threshold=0.1, group_features=None, group_names=None, feature_selection=False, feature_selection_threshold=0.8, feature_selection_method=classic, feature_interaction=False, feature_ratio=False, interaction_threshold=0.01, fix_imbalance=False, fix_imbalance_method=None, transform_target=False, transform_target_method=box-cox, data_split_shuffle=False, data_split_stratify=False, fold_strategy=kfold, fold=10, fold_shuffle=False, fold_groups=None, n_jobs=-1, use_gpu=False, custom_pipeline=None, html=True, session_id=123, log_experiment=False, experiment_name=None, log_plots=False, log_profile=False, log_data=False, silent=False, verbose=True, profile=False, profile_kwargs=None, display=None)
2021-12-15 14:58:05,867:INFO:Checking environment
2021-12-15 14:58:05,867:INFO:python_version: 3.9.7
2021-12-15 14:58:05,867:INFO:python_build: ('default', 'Sep 16 2021 16:59:28')
2021-12-15 14:58:05,867:INFO:machine: AMD64
2021-12-15 14:58:05,867:INFO:platform: Windows-10-10.0.19042-SP0
2021-12-15 14:58:05,868:INFO:Memory: svmem(total=8415145984, available=3164827648, percent=62.4, used=5250318336, free=3164827648)
2021-12-15 14:58:05,868:INFO:Physical Core: 4
2021-12-15 14:58:05,868:INFO:Logical Core: 8
2021-12-15 14:58:05,868:INFO:Checking libraries
2021-12-15 14:58:05,868:INFO:pd==1.3.4
2021-12-15 14:58:05,869:INFO:numpy==1.19.5
2021-12-15 14:58:05,869:INFO:sklearn==0.23.2
2021-12-15 14:58:05,869:INFO:lightgbm==3.3.1
2021-12-15 14:58:05,871:WARNING:catboost not found
2021-12-15 14:58:05,898:INFO:xgboost==1.5.1
2021-12-15 14:58:06,275:INFO:mlflow==1.22.0
2021-12-15 14:58:06,275:INFO:Checking Exceptions
2021-12-15 14:58:06,275:INFO:Declaring global variables
2021-12-15 14:58:06,275:INFO:USI: 9396
2021-12-15 14:58:06,275:INFO:pycaret_globals: {'gpu_param', 'iterative_imputation_iters_param', '_ml_usecase', 'USI', 'create_model_container', 'fix_imbalance_method_param', 'imputation_regressor', '_all_metrics', 'fold_param', 'transform_target_method_param', '_internal_pipeline', 'seed', 'X', 'fold_groups_param', 'imputation_classifier', 'experiment__', 'log_plots_param', 'pycaret_globals', 'fix_imbalance_param', 'display_container', '_all_models', 'target_param', '_all_models_internal', 'transform_target_param', 'html_param', 'logging_param', 'fold_shuffle_param', 'data_before_preprocess', 'stratify_param', 'fold_groups_param_full', 'n_jobs_param', 'fold_generator', 'prep_pipe', 'exp_name_log', 'master_model_container', '_gpu_n_jobs_param', '_available_plots'}
2021-12-15 14:58:06,275:INFO:Preparing display monitor
2021-12-15 14:58:06,275:INFO:Preparing display monitor
2021-12-15 14:58:06,294:INFO:Importing libraries
2021-12-15 14:58:06,294:INFO:Copying data for preprocessing
2021-12-15 14:58:06,294:INFO:Declaring preprocessing parameters
2021-12-15 14:58:06,294:INFO:Creating preprocessing pipeline
2021-12-15 14:58:06,312:INFO:Preprocessing pipeline created successfully
2021-12-15 14:58:06,313:ERROR:(Process Exit): setup has been interupted with user command 'quit'. setup must rerun.
2021-12-15 14:58:06,313:INFO:Creating global containers
2021-12-15 14:58:06,314:INFO:Internal pipeline: Pipeline(memory=None, steps=[('empty_step', 'passthrough')], verbose=False)
2021-12-15 14:58:16,320:INFO:Creating grid variables
2021-12-15 14:58:16,338:INFO:create_model_container: 0
2021-12-15 14:58:16,339:INFO:master_model_container: 0
2021-12-15 14:58:16,339:INFO:display_container: 1
2021-12-15 14:58:16,346:INFO:Pipeline(memory=None,
         steps=[('dtypes',
                 DataTypes_Auto_infer(categorical_features=[],
                                      display_types=True, features_todrop=[],
                                      id_columns=[], ml_usecase='regression',
                                      numerical_features=[],
                                      target='UNSUPERVISED_DUMMY_TARGET',
                                      time_features=[])),
                ('imputer',
                 Simple_Imputer(categorical_strategy='most frequent',
                                fill_value_categorical=None,
                                fill_value_numerical=None...
                ('scaling', 'passthrough'), ('P_transform', 'passthrough'),
                ('binn', 'passthrough'), ('rem_outliers', 'passthrough'),
                ('cluster_all', 'passthrough'),
                ('dummy', Dummify(target='UNSUPERVISED_DUMMY_TARGET')),
                ('fix_perfect', 'passthrough'),
                ('clean_names', Clean_Colum_Names()),
                ('feature_select', 'passthrough'), ('fix_multi', 'passthrough'),
                ('dfs', 'passthrough'), ('pca', 'passthrough')],
         verbose=False)
2021-12-15 14:58:16,346:INFO:setup() succesfully completed......................................
2021-12-15 14:58:25,998:INFO:Initializing create_model()
2021-12-15 14:58:25,998:INFO:create_model(estimator=iforest, num_clusters=4, fraction=0.1, ground_truth=None, round=4, fit_kwargs=None, verbose=True, system=True, add_to_model_list=True, raise_num_clusters=False, display=None, kwargs={})
2021-12-15 14:58:25,998:INFO:Checking exceptions
2021-12-15 14:58:25,998:INFO:Preparing display monitor
2021-12-15 14:58:26,015:INFO:Importing libraries
2021-12-15 14:58:26,023:INFO:Importing untrained model
2021-12-15 14:58:26,032:INFO:Isolation Forest Imported succesfully
2021-12-15 14:58:26,041:INFO:Fitting Model
2021-12-15 14:58:26,740:INFO:IForest(behaviour='new', bootstrap=False, contamination=0.1, max_features=1.0,
    max_samples='auto', n_estimators=100, n_jobs=-1, random_state=123,
    verbose=0)
2021-12-15 14:58:26,740:INFO:create_models() succesfully completed......................................
2021-12-15 14:58:26,740:INFO:Uploading results into container
2021-12-15 14:58:26,740:INFO:Uploading model into container now
2021-12-15 14:58:26,740:INFO:create_model_container: 1
2021-12-15 14:58:26,740:INFO:master_model_container: 1
2021-12-15 14:58:26,740:INFO:display_container: 2
2021-12-15 14:58:26,740:INFO:IForest(behaviour='new', bootstrap=False, contamination=0.1, max_features=1.0,
    max_samples='auto', n_estimators=100, n_jobs=-1, random_state=123,
    verbose=0)
2021-12-15 14:58:26,740:INFO:create_model() succesfully completed......................................
2021-12-15 14:58:26,884:INFO:Initializing assign_model()
2021-12-15 14:58:26,884:INFO:assign_model(model=IForest(behaviour='new', bootstrap=False, contamination=0.1, max_features=1.0,
    max_samples='auto', n_estimators=100, n_jobs=-1, random_state=123,
    verbose=0), transformation=False, score=True, verbose=True)
2021-12-15 14:58:26,884:INFO:Checking exceptions
2021-12-15 14:58:26,884:INFO:Determining Trained Model
2021-12-15 14:58:26,899:INFO:Trained Model : Isolation Forest
2021-12-15 14:58:26,899:INFO:Copying data
2021-12-15 14:58:26,900:INFO:(7267, 9)
2021-12-15 14:58:26,900:INFO:assign_model() succesfully completed......................................
2021-12-15 15:09:55,714:INFO:Initializing create_model()
2021-12-15 15:09:55,715:INFO:create_model(estimator=knn, num_clusters=4, fraction=0.1, ground_truth=None, round=4, fit_kwargs=None, verbose=True, system=True, add_to_model_list=True, raise_num_clusters=False, display=None, kwargs={})
2021-12-15 15:09:55,715:INFO:Checking exceptions
2021-12-15 15:09:55,716:INFO:Preparing display monitor
2021-12-15 15:09:55,729:INFO:Importing libraries
2021-12-15 15:09:55,737:INFO:Importing untrained model
2021-12-15 15:09:55,746:INFO:K-Nearest Neighbors Detector Imported succesfully
2021-12-15 15:09:55,763:INFO:Fitting Model
2021-12-15 15:09:55,838:INFO:KNN(algorithm='auto', contamination=0.1, leaf_size=30, method='largest',
  metric='minkowski', metric_params=None, n_jobs=-1, n_neighbors=5, p=2,
  radius=1.0)
2021-12-15 15:09:55,839:INFO:create_models() succesfully completed......................................
2021-12-15 15:09:55,839:INFO:Uploading results into container
2021-12-15 15:09:55,840:INFO:Uploading model into container now
2021-12-15 15:09:55,841:INFO:create_model_container: 2
2021-12-15 15:09:55,841:INFO:master_model_container: 2
2021-12-15 15:09:55,841:INFO:display_container: 3
2021-12-15 15:09:55,841:INFO:KNN(algorithm='auto', contamination=0.1, leaf_size=30, method='largest',
  metric='minkowski', metric_params=None, n_jobs=-1, n_neighbors=5, p=2,
  radius=1.0)
2021-12-15 15:09:55,841:INFO:create_model() succesfully completed......................................
2021-12-15 15:09:55,975:INFO:Initializing assign_model()
2021-12-15 15:09:55,975:INFO:assign_model(model=KNN(algorithm='auto', contamination=0.1, leaf_size=30, method='largest',
  metric='minkowski', metric_params=None, n_jobs=-1, n_neighbors=5, p=2,
  radius=1.0), transformation=False, score=True, verbose=True)
2021-12-15 15:09:55,975:INFO:Checking exceptions
2021-12-15 15:09:55,975:INFO:Determining Trained Model
2021-12-15 15:09:55,975:INFO:Trained Model : K-Nearest Neighbors Detector
2021-12-15 15:09:55,975:INFO:Copying data
2021-12-15 15:09:55,975:INFO:(7267, 9)
2021-12-15 15:09:55,975:INFO:assign_model() succesfully completed......................................
2021-12-15 15:42:27,860:INFO:Initializing plot_model()
2021-12-15 15:42:27,860:INFO:plot_model(fold=None, use_train_data=False, verbose=True, is_in_evaluate=False, display=None, display_format=None, estimator=IForest(behaviour='new', bootstrap=False, contamination=0.1, max_features=1.0,
    max_samples='auto', n_estimators=100, n_jobs=-1, random_state=123,
    verbose=0), feature_name=None, fit_kwargs=None, groups=None, label=False, plot=tsne, save=False, scale=1, system=True)
2021-12-15 15:42:27,860:INFO:Checking exceptions
2021-12-15 15:42:27,860:INFO:Preparing display monitor
2021-12-15 15:42:27,867:INFO:Preloading libraries
2021-12-15 15:42:27,880:INFO:Copying training dataset
2021-12-15 15:42:27,880:INFO:Plot type: tsne
2021-12-15 15:42:27,952:INFO:SubProcess assign_model() called ==================================
2021-12-15 15:42:27,953:INFO:Initializing assign_model()
2021-12-15 15:42:27,953:INFO:assign_model(model=IForest(behaviour='new', bootstrap=False, contamination=0.1, max_features=1.0,
    max_samples='auto', n_estimators=100, n_jobs=-1, random_state=123,
    verbose=0), transformation=True, score=False, verbose=False)
2021-12-15 15:42:27,953:INFO:Checking exceptions
2021-12-15 15:42:27,953:INFO:Determining Trained Model
2021-12-15 15:42:27,953:INFO:Trained Model : Isolation Forest
2021-12-15 15:42:27,953:INFO:Copying data
2021-12-15 15:42:27,954:INFO:Transformation param set to True. Assigned clusters are attached on transformed dataset.
2021-12-15 15:42:27,955:INFO:(7267, 20)
2021-12-15 15:42:27,955:INFO:assign_model() succesfully completed......................................
2021-12-15 15:42:27,955:INFO:SubProcess assign_model() end ==================================
2021-12-15 15:42:27,958:INFO:Getting dummies to cast categorical variables
2021-12-15 15:42:27,958:INFO:Fitting TSNE()
2021-12-15 15:43:48,579:INFO:Rendering Visual
2021-12-15 15:43:49,077:INFO:Visual Rendered Successfully
2021-12-15 15:43:49,204:INFO:plot_model() succesfully completed......................................
2021-12-15 15:46:48,943:INFO:Initializing create_model()
2021-12-15 15:46:48,943:INFO:create_model(estimator=cluster, num_clusters=4, fraction=0.1, ground_truth=None, round=4, fit_kwargs=None, verbose=True, system=True, add_to_model_list=True, raise_num_clusters=False, display=None, kwargs={})
2021-12-15 15:46:48,943:INFO:Checking exceptions
2021-12-15 15:46:48,944:INFO:Preparing display monitor
2021-12-15 15:46:48,959:INFO:Importing libraries
2021-12-15 15:46:48,968:INFO:Importing untrained model
2021-12-15 15:46:48,976:INFO:Clustering-Based Local Outlier Imported succesfully
2021-12-15 15:46:48,985:INFO:Fitting Model
2021-12-15 15:46:55,103:INFO:CBLOF(alpha=0.9, beta=5, check_estimator=False, clustering_estimator=None,
   contamination=0.1, n_clusters=8, n_jobs=None, random_state=123,
   use_weights=False)
2021-12-15 15:46:55,103:INFO:create_models() succesfully completed......................................
2021-12-15 15:46:55,103:INFO:Uploading results into container
2021-12-15 15:46:55,104:INFO:Uploading model into container now
2021-12-15 15:46:55,105:INFO:create_model_container: 3
2021-12-15 15:46:55,105:INFO:master_model_container: 3
2021-12-15 15:46:55,106:INFO:display_container: 4
2021-12-15 15:46:55,106:INFO:CBLOF(alpha=0.9, beta=5, check_estimator=False, clustering_estimator=None,
   contamination=0.1, n_clusters=8, n_jobs=None, random_state=123,
   use_weights=False)
2021-12-15 15:46:55,106:INFO:create_model() succesfully completed......................................
2021-12-15 15:46:55,255:INFO:Initializing assign_model()
2021-12-15 15:46:55,255:INFO:assign_model(model=KNN(algorithm='auto', contamination=0.1, leaf_size=30, method='largest',
  metric='minkowski', metric_params=None, n_jobs=-1, n_neighbors=5, p=2,
  radius=1.0), transformation=False, score=True, verbose=True)
2021-12-15 15:46:55,255:INFO:Checking exceptions
2021-12-15 15:46:55,256:INFO:Determining Trained Model
2021-12-15 15:46:55,256:INFO:Trained Model : K-Nearest Neighbors Detector
2021-12-15 15:46:55,256:INFO:Copying data
2021-12-15 15:46:55,258:INFO:(7267, 9)
2021-12-15 15:46:55,258:INFO:assign_model() succesfully completed......................................
2021-12-15 15:47:59,720:INFO:Initializing plot_model()
2021-12-15 15:47:59,720:INFO:plot_model(fold=None, use_train_data=False, verbose=True, is_in_evaluate=False, display=None, display_format=None, estimator=CBLOF(alpha=0.9, beta=5, check_estimator=False, clustering_estimator=None,
   contamination=0.1, n_clusters=8, n_jobs=None, random_state=123,
   use_weights=False), feature_name=None, fit_kwargs=None, groups=None, label=False, plot=tsne, save=False, scale=1, system=True)
2021-12-15 15:47:59,720:INFO:Checking exceptions
2021-12-15 15:47:59,721:INFO:Preparing display monitor
2021-12-15 15:47:59,728:INFO:Preloading libraries
2021-12-15 15:47:59,730:INFO:Copying training dataset
2021-12-15 15:47:59,730:INFO:Plot type: tsne
2021-12-15 15:47:59,731:INFO:SubProcess assign_model() called ==================================
2021-12-15 15:47:59,731:INFO:Initializing assign_model()
2021-12-15 15:47:59,732:INFO:assign_model(model=CBLOF(alpha=0.9, beta=5, check_estimator=False, clustering_estimator=None,
   contamination=0.1, n_clusters=8, n_jobs=None, random_state=123,
   use_weights=False), transformation=True, score=False, verbose=False)
2021-12-15 15:47:59,732:INFO:Checking exceptions
2021-12-15 15:47:59,732:INFO:Determining Trained Model
2021-12-15 15:47:59,732:INFO:Trained Model : Clustering-Based Local Outlier
2021-12-15 15:47:59,732:INFO:Copying data
2021-12-15 15:47:59,732:INFO:Transformation param set to True. Assigned clusters are attached on transformed dataset.
2021-12-15 15:47:59,733:INFO:(7267, 20)
2021-12-15 15:47:59,733:INFO:assign_model() succesfully completed......................................
2021-12-15 15:47:59,734:INFO:SubProcess assign_model() end ==================================
2021-12-15 15:47:59,737:INFO:Getting dummies to cast categorical variables
2021-12-15 15:47:59,737:INFO:Fitting TSNE()
2021-12-15 15:49:23,983:INFO:Rendering Visual
2021-12-15 15:49:24,340:INFO:Visual Rendered Successfully
2021-12-15 15:49:24,466:INFO:plot_model() succesfully completed......................................
2021-12-16 09:46:34,434:INFO:PyCaret Supervised Module
2021-12-16 09:46:34,434:INFO:ML Usecase: anomaly
2021-12-16 09:46:34,435:INFO:version 2.3.5
2021-12-16 09:46:34,435:INFO:Initializing setup()
2021-12-16 09:46:34,435:INFO:setup(target=None, ml_usecase=anomaly, available_plots={'tsne': 'Anomaly TSnE (3d)', 'umap': 'UMAP Dimensionality'}, train_size=0.7, test_data=None, preprocess=True, imputation_type=simple, iterative_imputation_iters=5, categorical_features=None, categorical_imputation=mode, categorical_iterative_imputer=lightgbm, ordinal_features=None, high_cardinality_features=None, high_cardinality_method=frequency, numeric_features=None, numeric_imputation=mean, numeric_iterative_imputer=lightgbm, date_features=None, ignore_features=None, normalize=False, normalize_method=zscore, transformation=False, transformation_method=yeo-johnson, handle_unknown_categorical=True, unknown_categorical_method=least_frequent, pca=False, pca_method=linear, pca_components=None, ignore_low_variance=False, combine_rare_levels=False, rare_level_threshold=0.1, bin_numeric_features=None, remove_outliers=False, outliers_threshold=0.05, remove_multicollinearity=False, multicollinearity_threshold=0.9, remove_perfect_collinearity=False, create_clusters=False, cluster_iter=20, polynomial_features=False, polynomial_degree=2, trigonometry_features=False, polynomial_threshold=0.1, group_features=None, group_names=None, feature_selection=False, feature_selection_threshold=0.8, feature_selection_method=classic, feature_interaction=False, feature_ratio=False, interaction_threshold=0.01, fix_imbalance=False, fix_imbalance_method=None, transform_target=False, transform_target_method=box-cox, data_split_shuffle=False, data_split_stratify=False, fold_strategy=kfold, fold=10, fold_shuffle=False, fold_groups=None, n_jobs=-1, use_gpu=False, custom_pipeline=None, html=True, session_id=123, log_experiment=False, experiment_name=None, log_plots=False, log_profile=False, log_data=False, silent=False, verbose=True, profile=False, profile_kwargs=None, display=None)
2021-12-16 09:46:34,435:INFO:Checking environment
2021-12-16 09:46:34,436:INFO:python_version: 3.9.7
2021-12-16 09:46:34,436:INFO:python_build: ('default', 'Sep 16 2021 16:59:28')
2021-12-16 09:46:34,436:INFO:machine: AMD64
2021-12-16 09:46:34,436:INFO:platform: Windows-10-10.0.19042-SP0
2021-12-16 09:46:34,437:INFO:Memory: svmem(total=8415145984, available=659857408, percent=92.2, used=7755288576, free=659857408)
2021-12-16 09:46:34,437:INFO:Physical Core: 4
2021-12-16 09:46:34,437:INFO:Logical Core: 8
2021-12-16 09:46:34,437:INFO:Checking libraries
2021-12-16 09:46:34,437:INFO:pd==1.3.4
2021-12-16 09:46:34,437:INFO:numpy==1.19.5
2021-12-16 09:46:34,437:INFO:sklearn==0.23.2
2021-12-16 09:46:34,438:INFO:lightgbm==3.3.1
2021-12-16 09:46:34,440:WARNING:catboost not found
2021-12-16 09:46:34,547:INFO:xgboost==1.5.1
2021-12-16 09:46:35,664:INFO:mlflow==1.22.0
2021-12-16 09:46:35,665:INFO:Checking Exceptions
2021-12-16 09:46:35,665:INFO:Declaring global variables
2021-12-16 09:46:35,665:INFO:USI: a945
2021-12-16 09:46:35,665:INFO:pycaret_globals: {'fold_groups_param', 'X', '_internal_pipeline', 'transform_target_param', '_all_models', 'display_container', '_all_metrics', 'imputation_regressor', 'experiment__', '_gpu_n_jobs_param', '_ml_usecase', 'prep_pipe', 'fold_shuffle_param', '_all_models_internal', 'pycaret_globals', 'stratify_param', 'fold_generator', 'gpu_param', 'target_param', 'log_plots_param', 'exp_name_log', '_available_plots', 'transform_target_method_param', 'USI', 'data_before_preprocess', 'create_model_container', 'master_model_container', 'iterative_imputation_iters_param', 'logging_param', 'seed', 'n_jobs_param', 'fold_groups_param_full', 'fold_param', 'fix_imbalance_method_param', 'fix_imbalance_param', 'imputation_classifier', 'html_param'}
2021-12-16 09:46:35,665:INFO:Preparing display monitor
2021-12-16 09:46:35,666:INFO:Preparing display monitor
2021-12-16 09:46:35,684:INFO:Importing libraries
2021-12-16 09:46:35,684:INFO:Copying data for preprocessing
2021-12-16 09:46:35,693:INFO:Declaring preprocessing parameters
2021-12-16 09:46:35,697:INFO:Creating preprocessing pipeline
2021-12-16 09:46:35,714:INFO:Preprocessing pipeline created successfully
2021-12-16 09:46:35,715:ERROR:(Process Exit): setup has been interupted with user command 'quit'. setup must rerun.
2021-12-16 09:46:35,715:INFO:Creating global containers
2021-12-16 09:46:35,717:INFO:Internal pipeline: Pipeline(memory=None, steps=[('empty_step', 'passthrough')], verbose=False)
2021-12-16 10:00:53,544:INFO:PyCaret Supervised Module
2021-12-16 10:00:53,544:INFO:ML Usecase: anomaly
2021-12-16 10:00:53,544:INFO:version 2.3.5
2021-12-16 10:00:53,544:INFO:Initializing setup()
2021-12-16 10:00:53,544:INFO:setup(target=None, ml_usecase=anomaly, available_plots={'tsne': 'Anomaly TSnE (3d)', 'umap': 'UMAP Dimensionality'}, train_size=0.7, test_data=None, preprocess=True, imputation_type=simple, iterative_imputation_iters=5, categorical_features=None, categorical_imputation=mode, categorical_iterative_imputer=lightgbm, ordinal_features=None, high_cardinality_features=None, high_cardinality_method=frequency, numeric_features=None, numeric_imputation=mean, numeric_iterative_imputer=lightgbm, date_features=None, ignore_features=None, normalize=False, normalize_method=zscore, transformation=False, transformation_method=yeo-johnson, handle_unknown_categorical=True, unknown_categorical_method=least_frequent, pca=False, pca_method=linear, pca_components=None, ignore_low_variance=False, combine_rare_levels=False, rare_level_threshold=0.1, bin_numeric_features=None, remove_outliers=False, outliers_threshold=0.05, remove_multicollinearity=False, multicollinearity_threshold=0.9, remove_perfect_collinearity=False, create_clusters=False, cluster_iter=20, polynomial_features=False, polynomial_degree=2, trigonometry_features=False, polynomial_threshold=0.1, group_features=None, group_names=None, feature_selection=False, feature_selection_threshold=0.8, feature_selection_method=classic, feature_interaction=False, feature_ratio=False, interaction_threshold=0.01, fix_imbalance=False, fix_imbalance_method=None, transform_target=False, transform_target_method=box-cox, data_split_shuffle=False, data_split_stratify=False, fold_strategy=kfold, fold=10, fold_shuffle=False, fold_groups=None, n_jobs=-1, use_gpu=False, custom_pipeline=None, html=True, session_id=123, log_experiment=False, experiment_name=None, log_plots=False, log_profile=False, log_data=False, silent=False, verbose=True, profile=False, profile_kwargs=None, display=None)
2021-12-16 10:00:53,544:INFO:Checking environment
2021-12-16 10:00:53,544:INFO:python_version: 3.9.7
2021-12-16 10:00:53,544:INFO:python_build: ('default', 'Sep 16 2021 16:59:28')
2021-12-16 10:00:53,544:INFO:machine: AMD64
2021-12-16 10:00:53,544:INFO:platform: Windows-10-10.0.19042-SP0
2021-12-16 10:00:53,544:INFO:Memory: svmem(total=8415145984, available=2535714816, percent=69.9, used=5879431168, free=2535714816)
2021-12-16 10:00:53,544:INFO:Physical Core: 4
2021-12-16 10:00:53,544:INFO:Logical Core: 8
2021-12-16 10:00:53,544:INFO:Checking libraries
2021-12-16 10:00:53,544:INFO:pd==1.3.4
2021-12-16 10:00:53,544:INFO:numpy==1.19.5
2021-12-16 10:00:53,544:INFO:sklearn==0.23.2
2021-12-16 10:00:53,544:INFO:lightgbm==3.3.1
2021-12-16 10:00:53,544:WARNING:catboost not found
2021-12-16 10:00:53,644:INFO:xgboost==1.5.1
2021-12-16 10:00:54,474:INFO:mlflow==1.22.0
2021-12-16 10:00:54,474:INFO:Checking Exceptions
2021-12-16 10:00:54,474:INFO:Declaring global variables
2021-12-16 10:00:54,474:INFO:USI: 2f73
2021-12-16 10:00:54,474:INFO:pycaret_globals: {'_all_models_internal', 'fix_imbalance_method_param', 'n_jobs_param', 'fold_groups_param_full', 'transform_target_param', 'logging_param', 'seed', 'experiment__', 'display_container', 'fold_param', 'transform_target_method_param', 'pycaret_globals', '_ml_usecase', 'stratify_param', '_all_models', 'fold_generator', '_gpu_n_jobs_param', 'USI', 'master_model_container', 'imputation_classifier', '_internal_pipeline', 'log_plots_param', 'fold_shuffle_param', 'fold_groups_param', 'html_param', 'iterative_imputation_iters_param', 'create_model_container', 'imputation_regressor', 'gpu_param', '_all_metrics', 'target_param', 'fix_imbalance_param', 'prep_pipe', 'X', 'data_before_preprocess', '_available_plots', 'exp_name_log'}
2021-12-16 10:00:54,474:INFO:Preparing display monitor
2021-12-16 10:00:54,474:INFO:Preparing display monitor
2021-12-16 10:00:54,489:INFO:Importing libraries
2021-12-16 10:00:54,489:INFO:Copying data for preprocessing
2021-12-16 10:00:54,500:INFO:Declaring preprocessing parameters
2021-12-16 10:00:54,504:INFO:Creating preprocessing pipeline
2021-12-16 10:00:54,516:INFO:Preprocessing pipeline created successfully
2021-12-16 10:00:54,516:ERROR:(Process Exit): setup has been interupted with user command 'quit'. setup must rerun.
2021-12-16 10:00:54,516:INFO:Creating global containers
2021-12-16 10:00:54,518:INFO:Internal pipeline: Pipeline(memory=None, steps=[('empty_step', 'passthrough')], verbose=False)
2021-12-16 10:01:03,429:INFO:Creating grid variables
2021-12-16 10:01:03,443:INFO:create_model_container: 0
2021-12-16 10:01:03,443:INFO:master_model_container: 0
2021-12-16 10:01:03,443:INFO:display_container: 1
2021-12-16 10:01:03,443:INFO:Pipeline(memory=None,
         steps=[('dtypes',
                 DataTypes_Auto_infer(categorical_features=[],
                                      display_types=True, features_todrop=[],
                                      id_columns=[], ml_usecase='regression',
                                      numerical_features=[],
                                      target='UNSUPERVISED_DUMMY_TARGET',
                                      time_features=[])),
                ('imputer',
                 Simple_Imputer(categorical_strategy='most frequent',
                                fill_value_categorical=None,
                                fill_value_numerical=None...
                ('scaling', 'passthrough'), ('P_transform', 'passthrough'),
                ('binn', 'passthrough'), ('rem_outliers', 'passthrough'),
                ('cluster_all', 'passthrough'),
                ('dummy', Dummify(target='UNSUPERVISED_DUMMY_TARGET')),
                ('fix_perfect', 'passthrough'),
                ('clean_names', Clean_Colum_Names()),
                ('feature_select', 'passthrough'), ('fix_multi', 'passthrough'),
                ('dfs', 'passthrough'), ('pca', 'passthrough')],
         verbose=False)
2021-12-16 10:01:03,443:INFO:setup() succesfully completed......................................
2021-12-16 10:01:41,007:INFO:Initializing create_model()
2021-12-16 10:01:41,007:INFO:create_model(estimator=iforest, num_clusters=4, fraction=0.1, ground_truth=None, round=4, fit_kwargs=None, verbose=True, system=True, add_to_model_list=True, raise_num_clusters=False, display=None, kwargs={})
2021-12-16 10:01:41,007:INFO:Checking exceptions
2021-12-16 10:01:41,007:INFO:Preparing display monitor
2021-12-16 10:01:41,018:INFO:Importing libraries
2021-12-16 10:01:41,027:INFO:Importing untrained model
2021-12-16 10:01:41,036:INFO:Isolation Forest Imported succesfully
2021-12-16 10:01:41,044:INFO:Fitting Model
2021-12-16 10:01:41,765:INFO:IForest(behaviour='new', bootstrap=False, contamination=0.1, max_features=1.0,
    max_samples='auto', n_estimators=100, n_jobs=-1, random_state=123,
    verbose=0)
2021-12-16 10:01:41,765:INFO:create_models() succesfully completed......................................
2021-12-16 10:01:41,765:INFO:Uploading results into container
2021-12-16 10:01:41,765:INFO:Uploading model into container now
2021-12-16 10:01:41,765:INFO:create_model_container: 1
2021-12-16 10:01:41,765:INFO:master_model_container: 1
2021-12-16 10:01:41,765:INFO:display_container: 2
2021-12-16 10:01:41,765:INFO:IForest(behaviour='new', bootstrap=False, contamination=0.1, max_features=1.0,
    max_samples='auto', n_estimators=100, n_jobs=-1, random_state=123,
    verbose=0)
2021-12-16 10:01:41,765:INFO:create_model() succesfully completed......................................
2021-12-16 10:01:41,870:INFO:Initializing assign_model()
2021-12-16 10:01:41,870:INFO:assign_model(model=IForest(behaviour='new', bootstrap=False, contamination=0.1, max_features=1.0,
    max_samples='auto', n_estimators=100, n_jobs=-1, random_state=123,
    verbose=0), transformation=False, score=True, verbose=True)
2021-12-16 10:01:41,870:INFO:Checking exceptions
2021-12-16 10:01:41,870:INFO:Determining Trained Model
2021-12-16 10:01:41,870:INFO:Trained Model : Isolation Forest
2021-12-16 10:01:41,870:INFO:Copying data
2021-12-16 10:01:41,870:INFO:(7267, 9)
2021-12-16 10:01:41,870:INFO:assign_model() succesfully completed......................................
2021-12-16 10:05:26,254:INFO:Initializing plot_model()
2021-12-16 10:05:26,254:INFO:plot_model(fold=None, use_train_data=False, verbose=True, is_in_evaluate=False, display=None, display_format=None, estimator=IForest(behaviour='new', bootstrap=False, contamination=0.1, max_features=1.0,
    max_samples='auto', n_estimators=100, n_jobs=-1, random_state=123,
    verbose=0), feature_name=None, fit_kwargs=None, groups=None, label=False, plot=tsne, save=False, scale=1, system=True)
2021-12-16 10:05:26,254:INFO:Checking exceptions
2021-12-16 10:05:26,254:INFO:Preparing display monitor
2021-12-16 10:05:26,266:INFO:Preloading libraries
2021-12-16 10:05:26,277:INFO:Copying training dataset
2021-12-16 10:05:26,278:INFO:Plot type: tsne
2021-12-16 10:05:26,348:INFO:SubProcess assign_model() called ==================================
2021-12-16 10:05:26,349:INFO:Initializing assign_model()
2021-12-16 10:05:26,349:INFO:assign_model(model=IForest(behaviour='new', bootstrap=False, contamination=0.1, max_features=1.0,
    max_samples='auto', n_estimators=100, n_jobs=-1, random_state=123,
    verbose=0), transformation=True, score=False, verbose=False)
2021-12-16 10:05:26,349:INFO:Checking exceptions
2021-12-16 10:05:26,349:INFO:Determining Trained Model
2021-12-16 10:05:26,349:INFO:Trained Model : Isolation Forest
2021-12-16 10:05:26,349:INFO:Copying data
2021-12-16 10:05:26,350:INFO:Transformation param set to True. Assigned clusters are attached on transformed dataset.
2021-12-16 10:05:26,351:INFO:(7267, 20)
2021-12-16 10:05:26,351:INFO:assign_model() succesfully completed......................................
2021-12-16 10:05:26,351:INFO:SubProcess assign_model() end ==================================
2021-12-16 10:05:26,354:INFO:Getting dummies to cast categorical variables
2021-12-16 10:05:26,354:INFO:Fitting TSNE()
2021-12-16 10:06:51,191:INFO:Rendering Visual
2021-12-16 10:06:51,636:INFO:Visual Rendered Successfully
2021-12-16 10:06:51,758:INFO:plot_model() succesfully completed......................................
2021-12-16 10:10:15,095:INFO:Initializing create_model()
2021-12-16 10:10:15,095:INFO:create_model(estimator=cluster, num_clusters=4, fraction=0.1, ground_truth=None, round=4, fit_kwargs=None, verbose=True, system=True, add_to_model_list=True, raise_num_clusters=False, display=None, kwargs={})
2021-12-16 10:10:15,095:INFO:Checking exceptions
2021-12-16 10:10:15,095:INFO:Preparing display monitor
2021-12-16 10:10:15,106:INFO:Importing libraries
2021-12-16 10:10:15,116:INFO:Importing untrained model
2021-12-16 10:10:15,124:INFO:Clustering-Based Local Outlier Imported succesfully
2021-12-16 10:10:15,133:INFO:Fitting Model
2021-12-16 10:10:17,559:INFO:CBLOF(alpha=0.9, beta=5, check_estimator=False, clustering_estimator=None,
   contamination=0.1, n_clusters=8, n_jobs=None, random_state=123,
   use_weights=False)
2021-12-16 10:10:17,561:INFO:create_models() succesfully completed......................................
2021-12-16 10:10:17,563:INFO:Uploading results into container
2021-12-16 10:10:17,564:INFO:Uploading model into container now
2021-12-16 10:10:17,565:INFO:create_model_container: 2
2021-12-16 10:10:17,566:INFO:master_model_container: 2
2021-12-16 10:10:17,566:INFO:display_container: 3
2021-12-16 10:10:17,566:INFO:CBLOF(alpha=0.9, beta=5, check_estimator=False, clustering_estimator=None,
   contamination=0.1, n_clusters=8, n_jobs=None, random_state=123,
   use_weights=False)
2021-12-16 10:10:17,566:INFO:create_model() succesfully completed......................................
2021-12-16 10:10:27,030:INFO:Initializing create_model()
2021-12-16 10:10:27,030:INFO:create_model(estimator=cluster, num_clusters=4, fraction=0.1, ground_truth=None, round=4, fit_kwargs=None, verbose=True, system=True, add_to_model_list=True, raise_num_clusters=False, display=None, kwargs={})
2021-12-16 10:10:27,030:INFO:Checking exceptions
2021-12-16 10:10:27,030:INFO:Preparing display monitor
2021-12-16 10:10:27,042:INFO:Importing libraries
2021-12-16 10:10:27,051:INFO:Importing untrained model
2021-12-16 10:10:27,059:INFO:Clustering-Based Local Outlier Imported succesfully
2021-12-16 10:10:27,069:INFO:Fitting Model
2021-12-16 10:10:27,456:INFO:CBLOF(alpha=0.9, beta=5, check_estimator=False, clustering_estimator=None,
   contamination=0.1, n_clusters=8, n_jobs=None, random_state=123,
   use_weights=False)
2021-12-16 10:10:27,456:INFO:create_models() succesfully completed......................................
2021-12-16 10:10:27,457:INFO:Uploading results into container
2021-12-16 10:10:27,458:INFO:Uploading model into container now
2021-12-16 10:10:27,459:INFO:create_model_container: 3
2021-12-16 10:10:27,459:INFO:master_model_container: 3
2021-12-16 10:10:27,460:INFO:display_container: 4
2021-12-16 10:10:27,460:INFO:CBLOF(alpha=0.9, beta=5, check_estimator=False, clustering_estimator=None,
   contamination=0.1, n_clusters=8, n_jobs=None, random_state=123,
   use_weights=False)
2021-12-16 10:10:27,460:INFO:create_model() succesfully completed......................................
2021-12-16 10:10:27,632:INFO:Initializing assign_model()
2021-12-16 10:10:27,632:INFO:assign_model(model=CBLOF(alpha=0.9, beta=5, check_estimator=False, clustering_estimator=None,
   contamination=0.1, n_clusters=8, n_jobs=None, random_state=123,
   use_weights=False), transformation=False, score=True, verbose=True)
2021-12-16 10:10:27,632:INFO:Checking exceptions
2021-12-16 10:10:27,632:INFO:Determining Trained Model
2021-12-16 10:10:27,633:INFO:Trained Model : Clustering-Based Local Outlier
2021-12-16 10:10:27,633:INFO:Copying data
2021-12-16 10:10:27,635:INFO:(7267, 9)
2021-12-16 10:10:27,635:INFO:assign_model() succesfully completed......................................
2021-12-16 10:13:14,690:INFO:Initializing plot_model()
2021-12-16 10:13:14,690:INFO:plot_model(fold=None, use_train_data=False, verbose=True, is_in_evaluate=False, display=None, display_format=None, estimator=CBLOF(alpha=0.9, beta=5, check_estimator=False, clustering_estimator=None,
   contamination=0.1, n_clusters=8, n_jobs=None, random_state=123,
   use_weights=False), feature_name=None, fit_kwargs=None, groups=None, label=False, plot=tsne, save=False, scale=1, system=True)
2021-12-16 10:13:14,690:INFO:Checking exceptions
2021-12-16 10:13:14,690:INFO:Preparing display monitor
2021-12-16 10:13:14,702:INFO:Preloading libraries
2021-12-16 10:13:14,704:INFO:Copying training dataset
2021-12-16 10:13:14,704:INFO:Plot type: tsne
2021-12-16 10:13:14,707:INFO:SubProcess assign_model() called ==================================
2021-12-16 10:13:14,707:INFO:Initializing assign_model()
2021-12-16 10:13:14,707:INFO:assign_model(model=CBLOF(alpha=0.9, beta=5, check_estimator=False, clustering_estimator=None,
   contamination=0.1, n_clusters=8, n_jobs=None, random_state=123,
   use_weights=False), transformation=True, score=False, verbose=False)
2021-12-16 10:13:14,707:INFO:Checking exceptions
2021-12-16 10:13:14,708:INFO:Determining Trained Model
2021-12-16 10:13:14,708:INFO:Trained Model : Clustering-Based Local Outlier
2021-12-16 10:13:14,708:INFO:Copying data
2021-12-16 10:13:14,709:INFO:Transformation param set to True. Assigned clusters are attached on transformed dataset.
2021-12-16 10:13:14,710:INFO:(7267, 20)
2021-12-16 10:13:14,710:INFO:assign_model() succesfully completed......................................
2021-12-16 10:13:14,711:INFO:SubProcess assign_model() end ==================================
2021-12-16 10:13:14,715:INFO:Getting dummies to cast categorical variables
2021-12-16 10:13:14,715:INFO:Fitting TSNE()
2021-12-16 10:14:43,227:INFO:Rendering Visual
2021-12-16 10:14:43,662:INFO:Visual Rendered Successfully
2021-12-16 10:14:43,812:INFO:plot_model() succesfully completed......................................
